#
# A fatal error has been detected by the Java Runtime Environment:
#
#  EXCEPTION_ACCESS_VIOLATION (0xc0000005) at pc=0x0000000002577180, pid=3364, tid=0x0000000000002b8c
#
# JRE version: OpenJDK Runtime Environment (8.0_112-b06) (build 1.8.0_112-release-b06)
# Java VM: OpenJDK 64-Bit Server VM (25.112-b06 mixed mode windows-amd64 compressed oops)
# Problematic frame:
# v  ~BufferBlob::vtable chunks
#
# Failed to write core dump. Minidumps are not enabled by default on client versions of Windows
#
# If you would like to submit a bug report, please visit:
#   http://bugreport.java.com/bugreport/crash.jsp
#

---------------  T H R E A D  ---------------

Current thread (0x000000001dfda000):  JavaThread "pool-5-thread-4" [_thread_in_Java, id=11148, stack(0x0000000024cb0000,0x0000000024db0000)]

siginfo: ExceptionCode=0xc0000005, reading address 0x0000000001007330

Registers:
RAX=0x0000000100701860, RBX=0x00000000e7ae4530, RCX=0x00000000b0eeec48, RDX=0x00000000200e3f01
RSP=0x0000000024dae748, RBP=0x00000000e7ae6368, RSI=0x0000000000000000, RDI=0x0000000000000000
R8 =0x00000000e7ae50f0, R9 =0x000000000000000a, R10=0x0000000001007220, R11=0x00000000b0eeec48
R12=0x0000000000000000, R13=0x0000000000000001, R14=0x00000000e7b30df0, R15=0x000000001dfda000
RIP=0x0000000002577180, EFLAGS=0x0000000000010202

Top of Stack: (sp=0x0000000024dae748)
0x0000000024dae748:   00000000038b82c8 00000000ea901528
0x0000000024dae758:   00000001ea901580 00000000ea901598
0x0000000024dae768:   ea90176800000001 00000000b0eeec48
0x0000000024dae778:   0000000000000009 0000000000000100
0x0000000024dae788:   b0eeec480000000a 0000000300000008
0x0000000024dae798:   00000000e7ae63d8 0000000400000004
0x0000000024dae7a8:   ea9015b8ea901598 0000000000000000
0x0000000024dae7b8:   00000000ea9015d8 00000000ea8fd2b8
0x0000000024dae7c8:   0000000000000001 00000000ea9009c8
0x0000000024dae7d8:   0000000003f6b23c 00000000ea9013d8
0x0000000024dae7e8:   00000000ea901528 00000000ea9017d0
0x0000000024dae7f8:   00000000ea8fbc48 00000000a0550850
0x0000000024dae808:   0000000003d93ed4 0000000100016f58
0x0000000024dae818:   00000000ea8fbbf8 0000000000000000
0x0000000024dae828:   00000000ea901568 00000000ea901528
0x0000000024dae838:   0000000011320000 00000000ea8fbbf8 

Instructions: (pc=0x0000000002577180)
0x0000000002577160:   00 00 00 00 00 00 00 00 00 00 00 00 00 00 00 00
0x0000000002577170:   00 00 3f 00 00 00 00 00 44 8b 52 08 49 c1 e2 03
0x0000000002577180:   45 8b 9a 10 01 00 00 4f 8d 9c da a8 01 00 00 4d
0x0000000002577190:   8d 12 49 8b 1b 48 3b c3 74 15 48 85 db 0f 84 17 


Register to memory mapping:

RAX=0x0000000100701860 is pointing into metadata
RBX=0x00000000e7ae4530 is an oop
com.android.dx.ssa.SsaMethod 
 - klass: 'com/android/dx/ssa/SsaMethod'
RCX=0x00000000b0eeec48 is pointing into object: 0x00000000b0eeec30
java.util.concurrent.ConcurrentHashMap$Node 
 - klass: 'java/util/concurrent/ConcurrentHashMap$Node'
RDX=0x00000000200e3f01 is an unknown value
RSP=0x0000000024dae748 is pointing into the stack for thread: 0x000000001dfda000
RBP=0x00000000e7ae6368 is an oop
com.android.dx.ssa.back.FirstFitLocalCombiningAllocator 
 - klass: 'com/android/dx/ssa/back/FirstFitLocalCombiningAllocator'
RSI=0x0000000000000000 is an unknown value
RDI=0x0000000000000000 is an unknown value
R8 =0x00000000e7ae50f0 is an oop
com.android.dx.ssa.NormalSsaInsn 
 - klass: 'com/android/dx/ssa/NormalSsaInsn'
R9 =0x000000000000000a is an unknown value
R10=0x0000000001007220 is an unknown value
R11=0x00000000b0eeec48 is pointing into object: 0x00000000b0eeec30
java.util.concurrent.ConcurrentHashMap$Node 
 - klass: 'java/util/concurrent/ConcurrentHashMap$Node'
R12=0x0000000000000000 is an unknown value
R13=0x0000000000000001 is an unknown value
R14=0x00000000e7b30df0 is an oop
[I 
 - klass: {type array int}
 - length: 2
R15=0x000000001dfda000 is a thread


Stack: [0x0000000024cb0000,0x0000000024db0000],  sp=0x0000000024dae748,  free space=1017k
Native frames: (J=compiled Java code, j=interpreted, Vv=VM code, C=native code)
C  0x0000000002577180


---------------  P R O C E S S  ---------------

Java Threads: ( => current thread )
  0x000000001b671000 JavaThread "" [_thread_in_Java, id=8056, stack(0x0000000024fb0000,0x00000000250b0000)]
=>0x000000001dfda000 JavaThread "pool-5-thread-4" [_thread_in_Java, id=11148, stack(0x0000000024cb0000,0x0000000024db0000)]
  0x000000001dfe0800 JavaThread "pool-5-thread-3" [_thread_in_Java, id=10524, stack(0x0000000024bb0000,0x0000000024cb0000)]
  0x000000001dfe0000 JavaThread "pool-5-thread-2" [_thread_in_Java, id=10228, stack(0x0000000024ab0000,0x0000000024bb0000)]
  0x000000001dfdd000 JavaThread "pool-6-thread-1" [_thread_blocked, id=11132, stack(0x0000000024750000,0x0000000024850000)]
  0x000000001dfdc000 JavaThread "pool-5-thread-1" [_thread_blocked, id=9020, stack(0x0000000024650000,0x0000000024750000)]
  0x000000001dfde800 JavaThread "pool-3-thread-1" [_thread_in_vm, id=10024, stack(0x0000000024350000,0x0000000024450000)]
  0x000000001dfdb800 JavaThread "Cache update executor" [_thread_blocked, id=8920, stack(0x0000000023ba0000,0x0000000023ca0000)]
  0x000000001dfdd800 JavaThread "File lock request listener" [_thread_in_native, id=928, stack(0x00000000224b0000,0x00000000225b0000)]
  0x000000001adb9800 JavaThread "Stdin handler" [_thread_blocked, id=6688, stack(0x000000001cf70000,0x000000001d070000)]
  0x000000001adb9000 JavaThread "Asynchronous log dispatcher for DefaultDaemonConnection: socket connection from /127.0.0.1:51082 to /127.0.0.1:51083" [_thread_blocked, id=2344, stack(0x000000001ce70000,0x000000001cf70000)]
  0x000000001adb4800 JavaThread "Daemon worker" [_thread_blocked, id=4568, stack(0x000000001cc70000,0x000000001cd70000)]
  0x000000001a733000 JavaThread "Cancel handler" [_thread_blocked, id=1124, stack(0x000000001cb70000,0x000000001cc70000)]
  0x000000001a731800 JavaThread "pool-1-thread-1" [_thread_blocked, id=10280, stack(0x000000001ca70000,0x000000001cb70000)]
  0x000000001a775800 JavaThread "Handler for socket connection from /127.0.0.1:51082 to /127.0.0.1:51083" [_thread_in_native, id=9260, stack(0x000000001c970000,0x000000001ca70000)]
  0x000000001a556800 JavaThread "Daemon" [_thread_blocked, id=10372, stack(0x000000001c870000,0x000000001c970000)]
  0x000000001a560000 JavaThread "Incoming local TCP Connector on port 51082" [_thread_in_native, id=9868, stack(0x000000001af00000,0x000000001b000000)]
  0x0000000017b7f800 JavaThread "Service Thread" daemon [_thread_blocked, id=7956, stack(0x0000000019530000,0x0000000019630000)]
  0x0000000017b01000 JavaThread "C1 CompilerThread3" daemon [_thread_in_vm, id=6368, stack(0x0000000019430000,0x0000000019530000)]
  0x0000000017afd000 JavaThread "C2 CompilerThread2" daemon [_thread_in_native, id=1924, stack(0x0000000019330000,0x0000000019430000)]
  0x0000000017af1800 JavaThread "C2 CompilerThread1" daemon [_thread_in_native, id=8960, stack(0x0000000019230000,0x0000000019330000)]
  0x0000000017aeb800 JavaThread "C2 CompilerThread0" daemon [_thread_in_native, id=8648, stack(0x0000000019130000,0x0000000019230000)]
  0x0000000017aea000 JavaThread "Attach Listener" daemon [_thread_blocked, id=12212, stack(0x0000000019030000,0x0000000019130000)]
  0x0000000017ae9000 JavaThread "Signal Dispatcher" daemon [_thread_blocked, id=480, stack(0x0000000018f30000,0x0000000019030000)]
  0x0000000017ae3000 JavaThread "Finalizer" daemon [_thread_blocked, id=5516, stack(0x0000000018d40000,0x0000000018e40000)]
  0x000000000245b000 JavaThread "Reference Handler" daemon [_thread_blocked, id=3792, stack(0x0000000018c40000,0x0000000018d40000)]
  0x0000000002360800 JavaThread "main" [_thread_blocked, id=7032, stack(0x0000000002210000,0x0000000002310000)]

Other Threads:
  0x0000000016415000 VMThread [stack: 0x0000000018b40000,0x0000000018c40000] [id=1872]
  0x0000000017b16800 WatcherThread [stack: 0x0000000019630000,0x0000000019730000] [id=4620]

VM state:not at safepoint (normal execution)

VM Mutex/Monitor currently owned by a thread: None

Heap:
 PSYoungGen      total 349696K, used 127231K [0x00000000e0000000, 0x00000000ffe00000, 0x0000000100000000)
  eden space 175104K, 72% used [0x00000000e0000000,0x00000000e7c3ff10,0x00000000eab00000)
  from space 174592K, 0% used [0x00000000eab00000,0x00000000eab00000,0x00000000f5580000)
  to   space 172032K, 0% used [0x00000000f5600000,0x00000000f5600000,0x00000000ffe00000)
 ParOldGen       total 1048576K, used 1048251K [0x00000000a0000000, 0x00000000e0000000, 0x00000000e0000000)
  object space 1048576K, 99% used [0x00000000a0000000,0x00000000dffaefb8,0x00000000e0000000)
 Metaspace       used 53260K, capacity 54822K, committed 55040K, reserved 1097728K
  class space    used 7033K, capacity 7382K, committed 7424K, reserved 1048576K

Card table byte_map: [0x0000000011820000,0x0000000011b30000] byte_map_base: 0x0000000011320000

Marking Bits: (ParMarkBitMap*) 0x0000000057d018f0
 Begin Bits: [0x0000000012730000, 0x0000000013f30000)
 End Bits:   [0x0000000013f30000, 0x0000000015730000)

Polling page: 0x00000000004f0000

CodeCache: size=245760Kb used=30412Kb max_used=30540Kb free=215347Kb
 bounds [0x0000000002460000, 0x0000000004280000, 0x0000000011460000]
 total_blobs=8647 nmethods=7896 adapters=664
 compilation: enabled

Compilation events (10 events):
Event: 45.081 Thread 0x0000000017b01000 nmethod 9503 0x0000000003f1c690 code [0x0000000003f1c840, 0x0000000003f1cda8]
Event: 45.081 Thread 0x0000000017b01000 9500       3       com.android.dx.dex.file.UniformListItem::place0 (127 bytes)
Event: 45.081 Thread 0x0000000017af1800 nmethod 9492 0x0000000003f11790 code [0x0000000003f118e0, 0x0000000003f11a38]
Event: 45.081 Thread 0x0000000017af1800 9494       4       com.android.dx.dex.file.MixedItemSection$1::compare (18 bytes)
Event: 45.081 Thread 0x0000000017af1800 nmethod 9494 0x0000000003f11c50 code [0x0000000003f11da0, 0x0000000003f11e78]
Event: 45.082 Thread 0x0000000017b01000 nmethod 9500 0x0000000003f11fd0 code [0x0000000003f12200, 0x0000000003f12ec8]
Event: 45.082 Thread 0x0000000017af1800 9510       4       java.util.TimSort::sort (229 bytes)
Event: 45.082 Thread 0x0000000017b01000 9511       3       com.android.dx.ssa.SsaMethod::makeNewGotoBlock (52 bytes)
Event: 45.083 Thread 0x0000000017b01000 nmethod 9511 0x0000000003f140d0 code [0x0000000003f14320, 0x0000000003f15288]
Event: 45.083 Thread 0x0000000017b01000 9513       3       com.android.dx.rop.annotation.Annotations::add (75 bytes)

GC Heap History (10 events):
Event: 34.896 GC heap before
{Heap before GC invocations=44 (full 7):
 PSYoungGen      total 349696K, used 228250K [0x00000000e0000000, 0x00000000ffe00000, 0x0000000100000000)
  eden space 175104K, 100% used [0x00000000e0000000,0x00000000eab00000,0x00000000eab00000)
  from space 174592K, 30% used [0x00000000eab00000,0x00000000edee6ad0,0x00000000f5580000)
  to   space 172032K, 0% used [0x00000000f5600000,0x00000000f5600000,0x00000000ffe00000)
 ParOldGen       total 1048576K, used 1048099K [0x00000000a0000000, 0x00000000e0000000, 0x00000000e0000000)
  object space 1048576K, 99% used [0x00000000a0000000,0x00000000dff88e38,0x00000000e0000000)
 Metaspace       used 53241K, capacity 54758K, committed 55040K, reserved 1097728K
  class space    used 7032K, capacity 7382K, committed 7424K, reserved 1048576K
Event: 37.982 GC heap after
Heap after GC invocations=44 (full 7):
 PSYoungGen      total 349696K, used 75144K [0x00000000e0000000, 0x00000000ffe00000, 0x0000000100000000)
  eden space 175104K, 42% used [0x00000000e0000000,0x00000000e4962260,0x00000000eab00000)
  from space 174592K, 0% used [0x00000000eab00000,0x00000000eab00000,0x00000000f5580000)
  to   space 172032K, 0% used [0x00000000f5600000,0x00000000f5600000,0x00000000ffe00000)
 ParOldGen       total 1048576K, used 1048526K [0x00000000a0000000, 0x00000000e0000000, 0x00000000e0000000)
  object space 1048576K, 99% used [0x00000000a0000000,0x00000000dfff3ab8,0x00000000e0000000)
 Metaspace       used 53241K, capacity 54758K, committed 55040K, reserved 1097728K
  class space    used 7032K, capacity 7382K, committed 7424K, reserved 1048576K
}
Event: 38.037 GC heap before
{Heap before GC invocations=45 (full 8):
 PSYoungGen      total 349696K, used 175104K [0x00000000e0000000, 0x00000000ffe00000, 0x0000000100000000)
  eden space 175104K, 100% used [0x00000000e0000000,0x00000000eab00000,0x00000000eab00000)
  from space 174592K, 0% used [0x00000000eab00000,0x00000000eab00000,0x00000000f5580000)
  to   space 172032K, 0% used [0x00000000f5600000,0x00000000f5600000,0x00000000ffe00000)
 ParOldGen       total 1048576K, used 1048526K [0x00000000a0000000, 0x00000000e0000000, 0x00000000e0000000)
  object space 1048576K, 99% used [0x00000000a0000000,0x00000000dfff3ab8,0x00000000e0000000)
 Metaspace       used 53241K, capacity 54758K, committed 55040K, reserved 1097728K
  class space    used 7032K, capacity 7382K, committed 7424K, reserved 1048576K
Event: 40.191 GC heap after
Heap after GC invocations=45 (full 8):
 PSYoungGen      total 349696K, used 87992K [0x00000000e0000000, 0x00000000ffe00000, 0x0000000100000000)
  eden space 175104K, 50% used [0x00000000e0000000,0x00000000e55ee170,0x00000000eab00000)
  from space 174592K, 0% used [0x00000000eab00000,0x00000000eab00000,0x00000000f5580000)
  to   space 172032K, 0% used [0x00000000f5600000,0x00000000f5600000,0x00000000ffe00000)
 ParOldGen       total 1048576K, used 1048526K [0x00000000a0000000, 0x00000000e0000000, 0x00000000e0000000)
  object space 1048576K, 99% used [0x00000000a0000000,0x00000000dfff3898,0x00000000e0000000)
 Metaspace       used 53241K, capacity 54758K, committed 55040K, reserved 1097728K
  class space    used 7032K, capacity 7382K, committed 7424K, reserved 1048576K
}
Event: 40.239 GC heap before
{Heap before GC invocations=46 (full 9):
 PSYoungGen      total 349696K, used 175104K [0x00000000e0000000, 0x00000000ffe00000, 0x0000000100000000)
  eden space 175104K, 100% used [0x00000000e0000000,0x00000000eab00000,0x00000000eab00000)
  from space 174592K, 0% used [0x00000000eab00000,0x00000000eab00000,0x00000000f5580000)
  to   space 172032K, 0% used [0x00000000f5600000,0x00000000f5600000,0x00000000ffe00000)
 ParOldGen       total 1048576K, used 1048526K [0x00000000a0000000, 0x00000000e0000000, 0x00000000e0000000)
  object space 1048576K, 99% used [0x00000000a0000000,0x00000000dfff3898,0x00000000e0000000)
 Metaspace       used 53242K, capacity 54758K, committed 55040K, reserved 1097728K
  class space    used 7032K, capacity 7382K, committed 7424K, reserved 1048576K
Event: 42.356 GC heap after
Heap after GC invocations=46 (full 9):
 PSYoungGen      total 349696K, used 98883K [0x00000000e0000000, 0x00000000ffe00000, 0x0000000100000000)
  eden space 175104K, 56% used [0x00000000e0000000,0x00000000e6090f48,0x00000000eab00000)
  from space 174592K, 0% used [0x00000000eab00000,0x00000000eab00000,0x00000000f5580000)
  to   space 172032K, 0% used [0x00000000f5600000,0x00000000f5600000,0x00000000ffe00000)
 ParOldGen       total 1048576K, used 1048252K [0x00000000a0000000, 0x00000000e0000000, 0x00000000e0000000)
  object space 1048576K, 99% used [0x00000000a0000000,0x00000000dffaf3e0,0x00000000e0000000)
 Metaspace       used 53242K, capacity 54758K, committed 55040K, reserved 1097728K
  class space    used 7032K, capacity 7382K, committed 7424K, reserved 1048576K
}
Event: 42.401 GC heap before
{Heap before GC invocations=47 (full 10):
 PSYoungGen      total 349696K, used 175104K [0x00000000e0000000, 0x00000000ffe00000, 0x0000000100000000)
  eden space 175104K, 100% used [0x00000000e0000000,0x00000000eab00000,0x00000000eab00000)
  from space 174592K, 0% used [0x00000000eab00000,0x00000000eab00000,0x00000000f5580000)
  to   space 172032K, 0% used [0x00000000f5600000,0x00000000f5600000,0x00000000ffe00000)
 ParOldGen       total 1048576K, used 1048252K [0x00000000a0000000, 0x00000000e0000000, 0x00000000e0000000)
  object space 1048576K, 99% used [0x00000000a0000000,0x00000000dffaf3e0,0x00000000e0000000)
 Metaspace       used 53251K, capacity 54758K, committed 55040K, reserved 1097728K
  class space    used 7033K, capacity 7382K, committed 7424K, reserved 1048576K
Event: 45.042 GC heap after
Heap after GC invocations=47 (full 10):
 PSYoungGen      total 349696K, used 112679K [0x00000000e0000000, 0x00000000ffe00000, 0x0000000100000000)
  eden space 175104K, 64% used [0x00000000e0000000,0x00000000e6e09e80,0x00000000eab00000)
  from space 174592K, 0% used [0x00000000eab00000,0x00000000eab00000,0x00000000f5580000)
  to   space 172032K, 0% used [0x00000000f5600000,0x00000000f5600000,0x00000000ffe00000)
 ParOldGen       total 1048576K, used 1048251K [0x00000000a0000000, 0x00000000e0000000, 0x00000000e0000000)
  object space 1048576K, 99% used [0x00000000a0000000,0x00000000dffaeff8,0x00000000e0000000)
 Metaspace       used 53251K, capacity 54758K, committed 55040K, reserved 1097728K
  class space    used 7033K, capacity 7382K, committed 7424K, reserved 1048576K
}
Event: 45.083 GC heap before
{Heap before GC invocations=48 (full 11):
 PSYoungGen      total 349696K, used 175104K [0x00000000e0000000, 0x00000000ffe00000, 0x0000000100000000)
  eden space 175104K, 100% used [0x00000000e0000000,0x00000000eab00000,0x00000000eab00000)
  from space 174592K, 0% used [0x00000000eab00000,0x00000000eab00000,0x00000000f5580000)
  to   space 172032K, 0% used [0x00000000f5600000,0x00000000f5600000,0x00000000ffe00000)
 ParOldGen       total 1048576K, used 1048251K [0x00000000a0000000, 0x00000000e0000000, 0x00000000e0000000)
  object space 1048576K, 99% used [0x00000000a0000000,0x00000000dffaeff8,0x00000000e0000000)
 Metaspace       used 53259K, capacity 54822K, committed 55040K, reserved 1097728K
  class space    used 7033K, capacity 7382K, committed 7424K, reserved 1048576K
Event: 45.828 GC heap after
Heap after GC invocations=48 (full 11):
 PSYoungGen      total 349696K, used 126147K [0x00000000e0000000, 0x00000000ffe00000, 0x0000000100000000)
  eden space 175104K, 72% used [0x00000000e0000000,0x00000000e7b30df0,0x00000000eab00000)
  from space 174592K, 0% used [0x00000000eab00000,0x00000000eab00000,0x00000000f5580000)
  to   space 172032K, 0% used [0x00000000f5600000,0x00000000f5600000,0x00000000ffe00000)
 ParOldGen       total 1048576K, used 1048251K [0x00000000a0000000, 0x00000000e0000000, 0x00000000e0000000)
  object space 1048576K, 99% used [0x00000000a0000000,0x00000000dffaefb8,0x00000000e0000000)
 Metaspace       used 53259K, capacity 54822K, committed 55040K, reserved 1097728K
  class space    used 7033K, capacity 7382K, committed 7424K, reserved 1048576K
}

Deoptimization events (10 events):
Event: 40.213 Thread 0x000000001dfde800 Uncommon trap: reason=unstable_if action=reinterpret pc=0x0000000003bf51e8 method=com.android.dx.dex.code.RopToDop.dopFor(Lcom/android/dx/rop/code/Insn;)Lcom/android/dx/dex/code/Dop; @ 747
Event: 40.221 Thread 0x000000001dfde800 Uncommon trap: reason=bimorphic action=maybe_recompile pc=0x0000000003a7d5a4 method=com.android.dx.ssa.LiteralOpUpgrader.tryReplacingWithConstant(Lcom/android/dx/ssa/NormalSsaInsn;)Z @ 52
Event: 40.226 Thread 0x000000001dfde800 Uncommon trap: reason=bimorphic action=maybe_recompile pc=0x0000000003a7d5a4 method=com.android.dx.ssa.LiteralOpUpgrader.tryReplacingWithConstant(Lcom/android/dx/ssa/NormalSsaInsn;)Z @ 52
Event: 40.226 Thread 0x000000001dfde800 Uncommon trap: reason=bimorphic action=maybe_recompile pc=0x0000000003a7d5a4 method=com.android.dx.ssa.LiteralOpUpgrader.tryReplacingWithConstant(Lcom/android/dx/ssa/NormalSsaInsn;)Z @ 52
Event: 40.233 Thread 0x000000001dfde800 Uncommon trap: reason=bimorphic action=maybe_recompile pc=0x0000000003f83f08 method=com.android.dx.ssa.LiteralOpUpgrader.tryReplacingWithConstant(Lcom/android/dx/ssa/NormalSsaInsn;)Z @ 52
Event: 45.070 Thread 0x000000001b671000 Uncommon trap: reason=class_check action=maybe_recompile pc=0x0000000003c50ad4 method=com.android.dx.dex.file.UniformItemSection.prepare0()V @ 13
Event: 45.076 Thread 0x000000001b671000 Uncommon trap: reason=bimorphic action=maybe_recompile pc=0x0000000003f1c270 method=com.android.dx.dex.file.MixedItemSection$1.compare(Lcom/android/dx/dex/file/OffsettedItem;Lcom/android/dx/dex/file/OffsettedItem;)I @ 1
Event: 45.076 Thread 0x000000001b671000 Uncommon trap: reason=bimorphic action=maybe_recompile pc=0x0000000003f1c270 method=com.android.dx.dex.file.MixedItemSection$1.compare(Lcom/android/dx/dex/file/OffsettedItem;Lcom/android/dx/dex/file/OffsettedItem;)I @ 1
Event: 45.076 Thread 0x000000001b671000 Uncommon trap: reason=bimorphic action=maybe_recompile pc=0x0000000003f1c270 method=com.android.dx.dex.file.MixedItemSection$1.compare(Lcom/android/dx/dex/file/OffsettedItem;Lcom/android/dx/dex/file/OffsettedItem;)I @ 1
Event: 45.076 Thread 0x000000001b671000 Uncommon trap: reason=bimorphic action=maybe_recompile pc=0x0000000003f1c270 method=com.android.dx.dex.file.MixedItemSection$1.compare(Lcom/android/dx/dex/file/OffsettedItem;Lcom/android/dx/dex/file/OffsettedItem;)I @ 1

Internal exceptions (10 events):
Event: 6.401 Thread 0x000000001adb4800 Exception <a 'java/lang/NoSuchMethodError': <clinit>> (0x00000000e0855a08) thrown at [C:\src\android\AOSP-openjdk\external\jetbrains\jdk\hotspot\src\share\vm\prims\jni.cpp, line 1613]
Event: 6.402 Thread 0x000000001adb4800 Exception <a 'java/lang/NoSuchMethodError': <clinit>> (0x00000000e08632a8) thrown at [C:\src\android\AOSP-openjdk\external\jetbrains\jdk\hotspot\src\share\vm\prims\jni.cpp, line 1613]
Event: 6.411 Thread 0x000000001adb4800 Exception <a 'java/lang/NoSuchMethodError': <clinit>> (0x00000000e08de350) thrown at [C:\src\android\AOSP-openjdk\external\jetbrains\jdk\hotspot\src\share\vm\prims\jni.cpp, line 1613]
Event: 6.412 Thread 0x000000001adb4800 Exception <a 'java/lang/NoSuchMethodError': <clinit>> (0x00000000e08f70a8) thrown at [C:\src\android\AOSP-openjdk\external\jetbrains\jdk\hotspot\src\share\vm\prims\jni.cpp, line 1613]
Event: 6.412 Thread 0x000000001adb4800 Exception <a 'java/lang/NoSuchMethodError': <clinit>> (0x00000000e08f8d28) thrown at [C:\src\android\AOSP-openjdk\external\jetbrains\jdk\hotspot\src\share\vm\prims\jni.cpp, line 1613]
Event: 7.512 Thread 0x000000001dfe0800 Implicit null exception at 0x0000000002d216ec to 0x0000000002d22ce5
Event: 8.463 Thread 0x000000001dfde800 Implicit null exception at 0x0000000003cfaa7c to 0x0000000003cfb1e5
Event: 8.864 Thread 0x000000001dfde800 Implicit null exception at 0x0000000002910b29 to 0x0000000002911161
Event: 11.272 Thread 0x000000001dfda000 Implicit null exception at 0x0000000003fbc15c to 0x0000000003fbdf11
Event: 15.387 Thread 0x000000001dfde800 Implicit null exception at 0x0000000003ce94a8 to 0x0000000003ce983d

Events (10 events):
Event: 45.076 Thread 0x000000001b671000 DEOPT UNPACKING pc=0x00000000024a556a sp=0x00000000250aea18 mode 2
Event: 45.076 Thread 0x000000001b671000 Uncommon trap: trap_request=0xffffffc6 fr.pc=0x0000000003f1c270
Event: 45.076 Thread 0x000000001b671000 DEOPT PACKING pc=0x0000000003f1c270 sp=0x00000000250aeb00
Event: 45.076 Thread 0x000000001b671000 DEOPT UNPACKING pc=0x00000000024a556a sp=0x00000000250aea18 mode 2
Event: 45.076 Thread 0x000000001b671000 Uncommon trap: trap_request=0xffffffc6 fr.pc=0x0000000003f1c270
Event: 45.076 Thread 0x000000001b671000 DEOPT PACKING pc=0x0000000003f1c270 sp=0x00000000250aeb00
Event: 45.076 Thread 0x000000001b671000 DEOPT UNPACKING pc=0x00000000024a556a sp=0x00000000250aea18 mode 2
Event: 45.083 Executing VM operation: ParallelGCFailedAllocation
Event: 45.828 Executing VM operation: ParallelGCFailedAllocation done
Event: 45.828 Thread 0x000000001b671000 Uncommon trap: trap_request=0xffffffe4 fr.pc=0x0000000002634ae4


Dynamic libraries:
0x00007ff69e4d0000 - 0x00007ff69e501000 	C:\Program Files\Android\Android Studio\jre\bin\java.exe
0x00007ffd3c8e0000 - 0x00007ffd3cab1000 	C:\Windows\SYSTEM32\ntdll.dll
0x00007ffd39e70000 - 0x00007ffd39f1b000 	C:\Windows\System32\KERNEL32.DLL
0x00007ffd39260000 - 0x00007ffd3947d000 	C:\Windows\System32\KERNELBASE.dll
0x00007ffd3c830000 - 0x00007ffd3c8d2000 	C:\Windows\System32\ADVAPI32.dll
0x00007ffd3c320000 - 0x00007ffd3c3be000 	C:\Windows\System32\msvcrt.dll
0x00007ffd39f20000 - 0x00007ffd39f79000 	C:\Windows\System32\sechost.dll
0x00007ffd3c1f0000 - 0x00007ffd3c311000 	C:\Windows\System32\RPCRT4.dll
0x00007ffd3bf90000 - 0x00007ffd3c0f5000 	C:\Windows\System32\USER32.dll
0x00007ffd39000000 - 0x00007ffd3901e000 	C:\Windows\System32\win32u.dll
0x00007ffd3c730000 - 0x00007ffd3c764000 	C:\Windows\System32\GDI32.dll
0x00007ffd390d0000 - 0x00007ffd39252000 	C:\Windows\System32\gdi32full.dll
0x00007ffd2f0b0000 - 0x00007ffd2f329000 	C:\Windows\WinSxS\amd64_microsoft.windows.common-controls_6595b64144ccf1df_6.0.14393.447_none_42191651c6827bb3\COMCTL32.dll
0x00007ffd3bcc0000 - 0x00007ffd3bf87000 	C:\Windows\System32\combase.dll
0x00007ffd39d20000 - 0x00007ffd39e15000 	C:\Windows\System32\ucrtbase.dll
0x00007ffd39cb0000 - 0x00007ffd39d1a000 	C:\Windows\System32\bcryptPrimitives.dll
0x00007ffd3c580000 - 0x00007ffd3c5ae000 	C:\Windows\System32\IMM32.DLL
0x0000000057460000 - 0x0000000057532000 	C:\Program Files\Android\Android Studio\jre\jre\bin\msvcr100.dll
0x0000000057540000 - 0x0000000057d7c000 	C:\Program Files\Android\Android Studio\jre\jre\bin\server\jvm.dll
0x00007ffd3c560000 - 0x00007ffd3c568000 	C:\Windows\System32\PSAPI.DLL
0x00007ffd2d020000 - 0x00007ffd2d029000 	C:\Windows\SYSTEM32\WSOCK32.dll
0x00007ffd341c0000 - 0x00007ffd341ca000 	C:\Windows\SYSTEM32\VERSION.dll
0x00007ffd37140000 - 0x00007ffd37163000 	C:\Windows\SYSTEM32\WINMM.dll
0x00007ffd3c100000 - 0x00007ffd3c16a000 	C:\Windows\System32\WS2_32.dll
0x0000000002170000 - 0x000000000219b000 	C:\Windows\SYSTEM32\WINMMBASE.dll
0x00007ffd39e20000 - 0x00007ffd39e62000 	C:\Windows\System32\cfgmgr32.dll
0x00007ffd37350000 - 0x00007ffd3735f000 	C:\Program Files\Android\Android Studio\jre\jre\bin\verify.dll
0x00007ffd339f0000 - 0x00007ffd33a19000 	C:\Program Files\Android\Android Studio\jre\jre\bin\java.dll
0x00007ffd31bb0000 - 0x00007ffd31bc6000 	C:\Program Files\Android\Android Studio\jre\jre\bin\zip.dll
0x00007ffd3a280000 - 0x00007ffd3b789000 	C:\Windows\System32\SHELL32.dll
0x00007ffd395d0000 - 0x00007ffd39caa000 	C:\Windows\System32\windows.storage.dll
0x00007ffd38d80000 - 0x00007ffd38dcc000 	C:\Windows\System32\powrprof.dll
0x00007ffd3bc60000 - 0x00007ffd3bcb2000 	C:\Windows\System32\shlwapi.dll
0x00007ffd38d40000 - 0x00007ffd38d4f000 	C:\Windows\System32\kernel.appcore.dll
0x00007ffd39480000 - 0x00007ffd39529000 	C:\Windows\System32\shcore.dll
0x00007ffd38d60000 - 0x00007ffd38d74000 	C:\Windows\System32\profapi.dll
0x00007ffd318a0000 - 0x00007ffd318ba000 	C:\Program Files\Android\Android Studio\jre\jre\bin\net.dll
0x00007ffd385a0000 - 0x00007ffd385fc000 	C:\Windows\system32\mswsock.dll
0x00007ffd30e90000 - 0x00007ffd30ea1000 	C:\Program Files\Android\Android Studio\jre\jre\bin\nio.dll
0x00007ffd0eb50000 - 0x00007ffd0eb6e000 	C:\Users\AezA\.gradle\native\23\windows-amd64\native-platform.dll
0x00007ffd38810000 - 0x00007ffd38827000 	C:\Windows\SYSTEM32\CRYPTSP.dll
0x00007ffd38720000 - 0x00007ffd38753000 	C:\Windows\system32\rsaenh.dll
0x00007ffd38920000 - 0x00007ffd3894b000 	C:\Windows\SYSTEM32\bcrypt.dll
0x00007ffd38420000 - 0x00007ffd3843f000 	C:\Windows\SYSTEM32\USERENV.dll
0x00007ffd38830000 - 0x00007ffd3883b000 	C:\Windows\SYSTEM32\CRYPTBASE.dll
0x00007ffd38330000 - 0x00007ffd38368000 	C:\Windows\SYSTEM32\IPHLPAPI.DLL
0x00007ffd3c720000 - 0x00007ffd3c728000 	C:\Windows\System32\NSI.dll
0x00007ffd348f0000 - 0x00007ffd34906000 	C:\Windows\SYSTEM32\dhcpcsvc6.DLL
0x00007ffd348d0000 - 0x00007ffd348ea000 	C:\Windows\SYSTEM32\dhcpcsvc.DLL
0x00007ffd34190000 - 0x00007ffd3419d000 	C:\Program Files\Android\Android Studio\jre\jre\bin\management.dll
0x00007ffd29e00000 - 0x00007ffd29f92000 	C:\Windows\SYSTEM32\dbghelp.dll

VM Arguments:
jvm_args: -Xmx1536m -Dfile.encoding=windows-1252 -Duser.country=US -Duser.language=en -Duser.variant 
java_command: org.gradle.launcher.daemon.bootstrap.GradleDaemon 3.3
java_class_path (initial): C:\Users\AezA\.gradle\wrapper\dists\gradle-3.3-all\55gk2rcmfc6p2dg9u9ohc3hw9\gradle-3.3\lib\gradle-launcher-3.3.jar
Launcher Type: SUN_STANDARD

Environment Variables:
JAVA_HOME=C:\Java\jdk1.7.0_51
PATH=C:\Windows\system32;C:\Windows;C:\Windows\System32\Wbem;C:\Windows\System32\WindowsPowerShell\v1.0\;C:\Program Files (x86)\NVIDIA Corporation\PhysX\Common;C:\Java\jdk1.7.0_51\bin;C:\Program Files\Microsoft SQL Server\120\DTS\Binn\;C:\Program Files\Microsoft SQL Server\Client SDK\ODBC\110\Tools\Binn\;C:\Program Files (x86)\Microsoft SQL Server\120\Tools\Binn\;C:\Program Files\Microsoft SQL Server\120\Tools\Binn\;C:\Program Files (x86)\Microsoft SQL Server\120\Tools\Binn\ManagementStudio\;C:\Program Files (x86)\Microsoft SQL Server\120\DTS\Binn\;C:\git\mergetools\meld;C:\apache-maven-3.5.0\bin;C:\Users\AezA\AppData\Local\Microsoft\WindowsApps;
USERNAME=AezA
OS=Windows_NT
PROCESSOR_IDENTIFIER=Intel64 Family 6 Model 44 Stepping 2, GenuineIntel



---------------  S Y S T E M  ---------------

OS: Windows 10.0 , 64 bit Build 14393 (10.0.14393.0)

CPU:total 12 (6 cores per cpu, 2 threads per core) family 6 model 44 stepping 2, cmov, cx8, fxsr, mmx, sse, sse2, sse3, ssse3, sse4.1, sse4.2, popcnt, aes, clmul, ht, tsc, tscinvbit, tscinv

Memory: 4k page, physical 16775604k(8740328k free), swap 19265972k(8937224k free)

vm_info: OpenJDK 64-Bit Server VM (25.112-b06) for windows-amd64 JRE (1.8.0_112-release-b06), built on Dec  8 2016 00:54:26 by "builder" with MS VC++ 10.0 (VS2010)

time: Wed Jun 14 16:22:25 2017
elapsed time: 45 seconds (0d 0h 0m 45s)

