#
# A fatal error has been detected by the Java Runtime Environment:
#
#  EXCEPTION_ACCESS_VIOLATION (0xc0000005) at pc=0x0000000057901fba, pid=8308, tid=0x0000000000002ce8
#
# JRE version: OpenJDK Runtime Environment (8.0_112-b06) (build 1.8.0_112-release-b06)
# Java VM: OpenJDK 64-Bit Server VM (25.112-b06 mixed mode windows-amd64 compressed oops)
# Problematic frame:
# V  [jvm.dll+0x3c1fba]
#
# Failed to write core dump. Minidumps are not enabled by default on client versions of Windows
#
# If you would like to submit a bug report, please visit:
#   http://bugreport.java.com/bugreport/crash.jsp
#

---------------  T H R E A D  ---------------

Current thread (0x0000000002f36000):  GCTaskThread [stack: 0x00000000131e0000,0x00000000132e0000] [id=11496]

siginfo: ExceptionCode=0xc0000005, reading address 0xffffffffffffffff

Registers:
RAX=0x000100007d020477, RBX=0x00000000000013dc, RCX=0x0000000003700378, RDX=0x0000000016fc34e0
RSP=0x00000000132df690, RBP=0x0000000000000000, RSI=0x0000000016fc34e0, RDI=0x0000000000000009
R8 =0x00000000a3aea5c8, R9 =0x0000000003700378, R10=0x000000000000000c, R11=0x0000000057b04c58
R12=0x0000000057b50fe8, R13=0x0000000002f33670, R14=0x0000000002f36930, R15=0x0000000000000000
RIP=0x0000000057901fba, EFLAGS=0x0000000000010206

Top of Stack: (sp=0x00000000132df690)
0x00000000132df690:   0000000018563f28 0000000000000000
0x00000000132df6a0:   0000000016fc34e0 0000000057b50fe8
0x00000000132df6b0:   00000000be1331e8 0000000016fc34e0
0x00000000132df6c0:   00000000cb8df67c 0000000000000008
0x00000000132df6d0:   00000000be1331e8 0000000057654361
0x00000000132df6e0:   0000000018663b80 0000080200000702
0x00000000132df6f0:   0000000002f36000 0000000002f33670
0x00000000132df700:   0000000002f36940 0000000002f36930
0x00000000132df710:   0000000057b50fe8 0000000000000009
0x00000000132df720:   000000001d3d5cf0 0000000000000000
0x00000000132df730:   0000000016fc34e0 00000000578ff8e0
0x00000000132df740:   00000000a3aea5c8 0000000000000009
0x00000000132df750:   0000000057b50fe8 000003c4000003b0
0x00000000132df760:   00000000cb8db670 0000000000000e00
0x00000000132df770:   000000001d3d5cf0 00000000578fce6e
0x00000000132df780:   000000001bcf49ee 0000000002f36000 

Instructions: (pc=0x0000000057901fba)
0x0000000057901f9a:   00 74 28 8b 0d b5 66 39 00 45 8b 48 08 48 8b d6
0x0000000057901faa:   49 d3 e1 4c 03 0d 9c 66 39 00 49 8b c9 49 8b 01
0x0000000057901fba:   ff 90 08 01 00 00 e9 1b ff ff ff 4d 8b 48 08 48
0x0000000057901fca:   8b d6 49 8b 01 49 8b c9 ff 90 08 01 00 00 e9 03 


Register to memory mapping:

RAX=0x000100007d020477 is an unknown value
RBX=0x00000000000013dc is an unknown value
RCX=0x0000000003700378 is at entry_point+1016 in (nmethod*)0x00000000036ffe10
RDX=0x0000000016fc34e0 is an unknown value
RSP=0x00000000132df690 is an unknown value
RBP=0x0000000000000000 is an unknown value
RSI=0x0000000016fc34e0 is an unknown value
RDI=0x0000000000000009 is an unknown value
R8 =0x00000000a3aea5c8 is pointing into object: 0x00000000a3aea5a8
[C 
 - klass: {type array char}
 - length: 36
R9 =0x0000000003700378 is at entry_point+1016 in (nmethod*)0x00000000036ffe10
R10=0x000000000000000c is an unknown value
R11=0x0000000057b04c58 is an unknown value
R12=0x0000000057b50fe8 is an unknown value
R13=0x0000000002f33670 is an unknown value
R14=0x0000000002f36930 is an unknown value
R15=0x0000000000000000 is an unknown value


Stack: [0x00000000131e0000,0x00000000132e0000],  sp=0x00000000132df690,  free space=1021k
Native frames: (J=compiled Java code, j=interpreted, Vv=VM code, C=native code)


---------------  P R O C E S S  ---------------

Java Threads: ( => current thread )
  0x000000002471e000 JavaThread "pool-4-thread-1" [_thread_blocked, id=10732, stack(0x00000000279a0000,0x0000000027aa0000)]
  0x000000002471b800 JavaThread "pool-5-thread-4" [_thread_blocked, id=11660, stack(0x0000000027630000,0x0000000027730000)]
  0x0000000024722800 JavaThread "pool-5-thread-3" [_thread_blocked, id=6728, stack(0x0000000027530000,0x0000000027630000)]
  0x0000000024721800 JavaThread "pool-5-thread-2" [_thread_blocked, id=12284, stack(0x0000000027430000,0x0000000027530000)]
  0x000000002471b000 JavaThread "pool-6-thread-1" [_thread_blocked, id=4068, stack(0x0000000027330000,0x0000000027430000)]
  0x0000000024721000 JavaThread "pool-5-thread-1" [_thread_blocked, id=12052, stack(0x0000000027230000,0x0000000027330000)]
  0x0000000024720000 JavaThread "pool-3-thread-1" [_thread_blocked, id=12088, stack(0x0000000027130000,0x0000000027230000)]
  0x000000001b575800 JavaThread "Cache update executor" [_thread_blocked, id=8664, stack(0x0000000027030000,0x0000000027130000)]
  0x000000001b57a800 JavaThread "Stdin handler" [_thread_blocked, id=11748, stack(0x0000000026f30000,0x0000000027030000)]
  0x000000001b57b800 JavaThread "Asynchronous log dispatcher for DefaultDaemonConnection: socket connection from /127.0.0.1:49966 to /127.0.0.1:50434" [_thread_blocked, id=2148, stack(0x0000000026e30000,0x0000000026f30000)]
  0x000000001b57a000 JavaThread "Daemon worker Thread 2" [_thread_blocked, id=8216, stack(0x0000000026d30000,0x0000000026e30000)]
  0x000000001b579000 JavaThread "Cancel handler" [_thread_blocked, id=7820, stack(0x0000000026c30000,0x0000000026d30000)]
  0x000000001b578800 JavaThread "Handler for socket connection from /127.0.0.1:49966 to /127.0.0.1:50434" [_thread_in_native, id=2836, stack(0x0000000026b30000,0x0000000026c30000)]
  0x000000001b577000 JavaThread "Daemon Thread 2" [_thread_blocked, id=7564, stack(0x0000000026a30000,0x0000000026b30000)]
  0x000000001d19f800 JavaThread "File lock request listener" [_thread_in_native, id=11128, stack(0x000000001de40000,0x000000001df40000)]
  0x000000001b685000 JavaThread "pool-1-thread-1" [_thread_blocked, id=10348, stack(0x000000001c670000,0x000000001c770000)]
  0x000000001b3d8000 JavaThread "Incoming local TCP Connector on port 49966" [_thread_in_native, id=912, stack(0x000000001bae0000,0x000000001bbe0000)]
  0x0000000018719800 JavaThread "Service Thread" daemon [_thread_blocked, id=8852, stack(0x000000001a110000,0x000000001a210000)]
  0x00000000186dc000 JavaThread "C1 CompilerThread3" daemon [_thread_blocked, id=11188, stack(0x000000001a010000,0x000000001a110000)]
  0x00000000186db800 JavaThread "C2 CompilerThread2" daemon [_thread_blocked, id=6692, stack(0x0000000019f10000,0x000000001a010000)]
  0x00000000186d5800 JavaThread "C2 CompilerThread1" daemon [_thread_blocked, id=2272, stack(0x0000000019e10000,0x0000000019f10000)]
  0x00000000186d0000 JavaThread "C2 CompilerThread0" daemon [_thread_blocked, id=7796, stack(0x0000000019d10000,0x0000000019e10000)]
  0x00000000186ce800 JavaThread "Attach Listener" daemon [_thread_blocked, id=9116, stack(0x0000000019c10000,0x0000000019d10000)]
  0x00000000186cb800 JavaThread "Signal Dispatcher" daemon [_thread_blocked, id=7452, stack(0x0000000019b10000,0x0000000019c10000)]
  0x00000000186c3000 JavaThread "Finalizer" daemon [_thread_blocked, id=6488, stack(0x0000000019920000,0x0000000019a20000)]
  0x0000000003009000 JavaThread "Reference Handler" daemon [_thread_blocked, id=8184, stack(0x0000000019820000,0x0000000019920000)]
  0x0000000002f10800 JavaThread "main" [_thread_blocked, id=11120, stack(0x0000000002d90000,0x0000000002e90000)]

Other Threads:
  0x0000000016fc5000 VMThread [stack: 0x0000000019720000,0x0000000019820000] [id=9812]
  0x000000001871a800 WatcherThread [stack: 0x000000001a210000,0x000000001a310000] [id=9104]

=>0x0000000002f36000 (exited) GCTaskThread [stack: 0x00000000131e0000,0x00000000132e0000] [id=11496]

VM state:at safepoint (normal execution)

VM Mutex/Monitor currently owned by a thread:  ([mutex/lock_event])
[0x0000000002f0c710] Threads_lock - owner thread: 0x0000000016fc5000
[0x0000000002f0c290] Heap_lock - owner thread: 0x000000002471e000

Heap:
 PSYoungGen      total 419328K, used 321536K [0x00000000e0000000, 0x0000000100000000, 0x0000000100000000)
  eden space 321536K, 100% used [0x00000000e0000000,0x00000000f3a00000,0x00000000f3a00000)
  from space 97792K, 0% used [0x00000000f3a00000,0x00000000f3a00000,0x00000000f9980000)
  to   space 95232K, 0% used [0x00000000fa300000,0x00000000fa300000,0x0000000100000000)
 ParOldGen       total 1048576K, used 1048214K [0x00000000a0000000, 0x00000000e0000000, 0x00000000e0000000)
  object space 1048576K, 99% used [0x00000000a0000000,0x00000000dffa5a40,0x00000000e0000000)
 Metaspace       used 58495K, capacity 60186K, committed 62464K, reserved 1103872K
  class space    used 7570K, capacity 7920K, committed 8448K, reserved 1048576K

Card table byte_map: [0x00000000123d0000,0x00000000126e0000] byte_map_base: 0x0000000011ed0000

Marking Bits: (ParMarkBitMap*) 0x0000000057d018f0
 Begin Bits: [0x00000000132e0000, 0x0000000014ae0000)
 End Bits:   [0x0000000014ae0000, 0x00000000162e0000)

Polling page: 0x0000000001550000

CodeCache: size=245760Kb used=35282Kb max_used=38555Kb free=210477Kb
 bounds [0x0000000003010000, 0x00000000055f0000, 0x0000000012010000]
 total_blobs=10465 nmethods=9707 adapters=670
 compilation: enabled

Compilation events (10 events):
Event: 542.364 Thread 0x00000000186d0000 nmethod 11906 0x0000000004e9fad0 code [0x0000000004e9ffa0, 0x0000000004ea3ac8]
Event: 542.364 Thread 0x00000000186d0000 12096       4       com.android.dx.rop.code.RegisterSpec::matchesVariable (68 bytes)
Event: 542.369 Thread 0x00000000186d0000 nmethod 12096 0x0000000004ec1690 code [0x0000000004ec17e0, 0x0000000004ec1c58]
Event: 542.369 Thread 0x00000000186d0000 12095       4       com.android.dx.dex.code.OutputFinisher::calculateReservedCount (122 bytes)
Event: 542.398 Thread 0x00000000186dc000 12099       1       com.android.dx.dex.code.form.Form31t::codeSize (2 bytes)
Event: 542.398 Thread 0x00000000186dc000 nmethod 12099 0x0000000004b62c50 code [0x0000000004b62da0, 0x0000000004b62eb0]
Event: 542.398 Thread 0x00000000186dc000 12100       1       com.android.dx.dex.code.form.Form31t::branchFits (2 bytes)
Event: 542.398 Thread 0x00000000186dc000 nmethod 12100 0x0000000003c71610 code [0x0000000003c71760, 0x0000000003c71870]
Event: 542.400 Thread 0x00000000186d5800 nmethod 12088 0x0000000004ba3890 code [0x0000000004ba3b00, 0x0000000004ba63c8]
Event: 542.400 Thread 0x00000000186d5800 12079 %     4       com.android.dx.dex.code.DalvInsnList::makeImmutable @ 18 (51 bytes)

GC Heap History (10 events):
Event: 533.483 GC heap after
Heap after GC invocations=41 (full 8):
 PSYoungGen      total 419328K, used 29919K [0x00000000e0000000, 0x0000000100000000, 0x0000000100000000)
  eden space 321536K, 9% used [0x00000000e0000000,0x00000000e1d37f08,0x00000000f3a00000)
  from space 97792K, 0% used [0x00000000f3a00000,0x00000000f3a00000,0x00000000f9980000)
  to   space 95232K, 0% used [0x00000000fa300000,0x00000000fa300000,0x0000000100000000)
 ParOldGen       total 1048576K, used 1048530K [0x00000000a0000000, 0x00000000e0000000, 0x00000000e0000000)
  object space 1048576K, 99% used [0x00000000a0000000,0x00000000dfff4898,0x00000000e0000000)
 Metaspace       used 59777K, capacity 62312K, committed 62464K, reserved 1103872K
  class space    used 7889K, capacity 8415K, committed 8448K, reserved 1048576K
}
Event: 533.653 GC heap before
{Heap before GC invocations=42 (full 9):
 PSYoungGen      total 419328K, used 321536K [0x00000000e0000000, 0x0000000100000000, 0x0000000100000000)
  eden space 321536K, 100% used [0x00000000e0000000,0x00000000f3a00000,0x00000000f3a00000)
  from space 97792K, 0% used [0x00000000f3a00000,0x00000000f3a00000,0x00000000f9980000)
  to   space 95232K, 0% used [0x00000000fa300000,0x00000000fa300000,0x0000000100000000)
 ParOldGen       total 1048576K, used 1048530K [0x00000000a0000000, 0x00000000e0000000, 0x00000000e0000000)
  object space 1048576K, 99% used [0x00000000a0000000,0x00000000dfff4898,0x00000000e0000000)
 Metaspace       used 59791K, capacity 62312K, committed 62464K, reserved 1103872K
  class space    used 7890K, capacity 8415K, committed 8448K, reserved 1048576K
Event: 534.624 GC heap after
Heap after GC invocations=42 (full 9):
 PSYoungGen      total 419328K, used 49699K [0x00000000e0000000, 0x0000000100000000, 0x0000000100000000)
  eden space 321536K, 15% used [0x00000000e0000000,0x00000000e3088d28,0x00000000f3a00000)
  from space 97792K, 0% used [0x00000000f3a00000,0x00000000f3a00000,0x00000000f9980000)
  to   space 95232K, 0% used [0x00000000fa300000,0x00000000fa300000,0x0000000100000000)
 ParOldGen       total 1048576K, used 1048209K [0x00000000a0000000, 0x00000000e0000000, 0x00000000e0000000)
  object space 1048576K, 99% used [0x00000000a0000000,0x00000000dffa4438,0x00000000e0000000)
 Metaspace       used 58292K, capacity 59962K, committed 62464K, reserved 1103872K
  class space    used 7559K, capacity 7888K, committed 8448K, reserved 1048576K
}
Event: 534.790 GC heap before
{Heap before GC invocations=43 (full 10):
 PSYoungGen      total 419328K, used 321536K [0x00000000e0000000, 0x0000000100000000, 0x0000000100000000)
  eden space 321536K, 100% used [0x00000000e0000000,0x00000000f3a00000,0x00000000f3a00000)
  from space 97792K, 0% used [0x00000000f3a00000,0x00000000f3a00000,0x00000000f9980000)
  to   space 95232K, 0% used [0x00000000fa300000,0x00000000fa300000,0x0000000100000000)
 ParOldGen       total 1048576K, used 1048209K [0x00000000a0000000, 0x00000000e0000000, 0x00000000e0000000)
  object space 1048576K, 99% used [0x00000000a0000000,0x00000000dffa4438,0x00000000e0000000)
 Metaspace       used 58295K, capacity 59962K, committed 62464K, reserved 1103872K
  class space    used 7559K, capacity 7888K, committed 8448K, reserved 1048576K
Event: 537.684 GC heap after
Heap after GC invocations=43 (full 10):
 PSYoungGen      total 419328K, used 84972K [0x00000000e0000000, 0x0000000100000000, 0x0000000100000000)
  eden space 321536K, 26% used [0x00000000e0000000,0x00000000e52fb300,0x00000000f3a00000)
  from space 97792K, 0% used [0x00000000f3a00000,0x00000000f3a00000,0x00000000f9980000)
  to   space 95232K, 0% used [0x00000000fa300000,0x00000000fa300000,0x0000000100000000)
 ParOldGen       total 1048576K, used 1048176K [0x00000000a0000000, 0x00000000e0000000, 0x00000000e0000000)
  object space 1048576K, 99% used [0x00000000a0000000,0x00000000dff9c238,0x00000000e0000000)
 Metaspace       used 58295K, capacity 59962K, committed 62464K, reserved 1103872K
  class space    used 7559K, capacity 7888K, committed 8448K, reserved 1048576K
}
Event: 537.815 GC heap before
{Heap before GC invocations=44 (full 11):
 PSYoungGen      total 419328K, used 321536K [0x00000000e0000000, 0x0000000100000000, 0x0000000100000000)
  eden space 321536K, 100% used [0x00000000e0000000,0x00000000f3a00000,0x00000000f3a00000)
  from space 97792K, 0% used [0x00000000f3a00000,0x00000000f3a00000,0x00000000f9980000)
  to   space 95232K, 0% used [0x00000000fa300000,0x00000000fa300000,0x0000000100000000)
 ParOldGen       total 1048576K, used 1048176K [0x00000000a0000000, 0x00000000e0000000, 0x00000000e0000000)
  object space 1048576K, 99% used [0x00000000a0000000,0x00000000dff9c238,0x00000000e0000000)
 Metaspace       used 58395K, capacity 60058K, committed 62464K, reserved 1103872K
  class space    used 7569K, capacity 7920K, committed 8448K, reserved 1048576K
Event: 540.954 GC heap after
Heap after GC invocations=44 (full 11):
 PSYoungGen      total 419328K, used 124312K [0x00000000e0000000, 0x0000000100000000, 0x0000000100000000)
  eden space 321536K, 38% used [0x00000000e0000000,0x00000000e79660f8,0x00000000f3a00000)
  from space 97792K, 0% used [0x00000000f3a00000,0x00000000f3a00000,0x00000000f9980000)
  to   space 95232K, 0% used [0x00000000fa300000,0x00000000fa300000,0x0000000100000000)
 ParOldGen       total 1048576K, used 1048563K [0x00000000a0000000, 0x00000000e0000000, 0x00000000e0000000)
  object space 1048576K, 99% used [0x00000000a0000000,0x00000000dfffcdf8,0x00000000e0000000)
 Metaspace       used 58395K, capacity 60058K, committed 62464K, reserved 1103872K
  class space    used 7569K, capacity 7920K, committed 8448K, reserved 1048576K
}
Event: 541.066 GC heap before
{Heap before GC invocations=45 (full 12):
 PSYoungGen      total 419328K, used 321536K [0x00000000e0000000, 0x0000000100000000, 0x0000000100000000)
  eden space 321536K, 100% used [0x00000000e0000000,0x00000000f3a00000,0x00000000f3a00000)
  from space 97792K, 0% used [0x00000000f3a00000,0x00000000f3a00000,0x00000000f9980000)
  to   space 95232K, 0% used [0x00000000fa300000,0x00000000fa300000,0x0000000100000000)
 ParOldGen       total 1048576K, used 1048563K [0x00000000a0000000, 0x00000000e0000000, 0x00000000e0000000)
  object space 1048576K, 99% used [0x00000000a0000000,0x00000000dfffcdf8,0x00000000e0000000)
 Metaspace       used 58485K, capacity 60186K, committed 62464K, reserved 1103872K
  class space    used 7570K, capacity 7920K, committed 8448K, reserved 1048576K
Event: 542.279 GC heap after
Heap after GC invocations=45 (full 12):
 PSYoungGen      total 419328K, used 148694K [0x00000000e0000000, 0x0000000100000000, 0x0000000100000000)
  eden space 321536K, 46% used [0x00000000e0000000,0x00000000e91358d8,0x00000000f3a00000)
  from space 97792K, 0% used [0x00000000f3a00000,0x00000000f3a00000,0x00000000f9980000)
  to   space 95232K, 0% used [0x00000000fa300000,0x00000000fa300000,0x0000000100000000)
 ParOldGen       total 1048576K, used 1048214K [0x00000000a0000000, 0x00000000e0000000, 0x00000000e0000000)
  object space 1048576K, 99% used [0x00000000a0000000,0x00000000dffa5a40,0x00000000e0000000)
 Metaspace       used 58485K, capacity 60186K, committed 62464K, reserved 1103872K
  class space    used 7570K, capacity 7920K, committed 8448K, reserved 1048576K
}
Event: 542.401 GC heap before
{Heap before GC invocations=46 (full 13):
 PSYoungGen      total 419328K, used 321536K [0x00000000e0000000, 0x0000000100000000, 0x0000000100000000)
  eden space 321536K, 100% used [0x00000000e0000000,0x00000000f3a00000,0x00000000f3a00000)
  from space 97792K, 0% used [0x00000000f3a00000,0x00000000f3a00000,0x00000000f9980000)
  to   space 95232K, 0% used [0x00000000fa300000,0x00000000fa300000,0x0000000100000000)
 ParOldGen       total 1048576K, used 1048214K [0x00000000a0000000, 0x00000000e0000000, 0x00000000e0000000)
  object space 1048576K, 99% used [0x00000000a0000000,0x00000000dffa5a40,0x00000000e0000000)
 Metaspace       used 58495K, capacity 60186K, committed 62464K, reserved 1103872K
  class space    used 7570K, capacity 7920K, committed 8448K, reserved 1048576K

Deoptimization events (10 events):
Event: 541.018 Thread 0x000000002471e000 Uncommon trap: reason=array_check action=maybe_recompile pc=0x0000000004c7d9d8 method=java.util.ComparableTimSort.binarySort([Ljava/lang/Object;III)V @ 193
Event: 541.019 Thread 0x000000002471e000 Uncommon trap: reason=array_check action=maybe_recompile pc=0x0000000004c7d9d8 method=java.util.ComparableTimSort.binarySort([Ljava/lang/Object;III)V @ 193
Event: 541.022 Thread 0x000000002471e000 Uncommon trap: reason=array_check action=maybe_recompile pc=0x0000000004c7d9d8 method=java.util.ComparableTimSort.binarySort([Ljava/lang/Object;III)V @ 193
Event: 542.296 Thread 0x000000002471e000 Uncommon trap: reason=unstable_if action=reinterpret pc=0x000000000507f2d8 method=com.android.dx.rop.code.RegisterSpec.matchesVariable(Lcom/android/dx/rop/code/RegisterSpec;)Z @ 59
Event: 542.322 Thread 0x000000002471e000 Uncommon trap: reason=array_check action=maybe_recompile pc=0x000000000552f028 method=java.util.ComparableTimSort.binarySort([Ljava/lang/Object;III)V @ 183
Event: 542.327 Thread 0x000000002471e000 Uncommon trap: reason=array_check action=maybe_recompile pc=0x000000000552ed04 method=java.util.ComparableTimSort.binarySort([Ljava/lang/Object;III)V @ 215
Event: 542.339 Thread 0x000000002471e000 Uncommon trap: reason=array_check action=maybe_recompile pc=0x000000000552e774 method=java.util.ComparableTimSort.binarySort([Ljava/lang/Object;III)V @ 215
Event: 542.345 Thread 0x000000002471e000 Uncommon trap: reason=unstable_if action=reinterpret pc=0x0000000004b642d0 method=com.android.dx.dex.code.OutputFinisher.align64bits([Lcom/android/dx/dex/code/Dop;)V @ 125
Event: 542.345 Thread 0x000000002471e000 Uncommon trap: reason=unstable_if action=reinterpret pc=0x00000000054e7d88 method=com.android.dx.rop.code.RegisterSpecSet.equals(Ljava/lang/Object;)Z @ 30
Event: 542.390 Thread 0x000000002471e000 Uncommon trap: reason=array_check action=maybe_recompile pc=0x0000000004c7d9d8 method=java.util.ComparableTimSort.binarySort([Ljava/lang/Object;III)V @ 193

Internal exceptions (10 events):
Event: 506.185 Thread 0x0000000024721000 Implicit null exception at 0x0000000004b08b6c to 0x0000000004b0a131
Event: 506.302 Thread 0x0000000024720000 Implicit null exception at 0x0000000004b39a3d to 0x0000000004b3b1fd
Event: 507.345 Thread 0x0000000024720000 Implicit null exception at 0x0000000003f95ba8 to 0x0000000003f964c1
Event: 507.714 Thread 0x0000000024720000 Implicit null exception at 0x0000000003a08f55 to 0x0000000003a09909
Event: 511.096 Thread 0x0000000024722800 Implicit null exception at 0x0000000004ad7165 to 0x0000000004ad79fd
Event: 511.276 Thread 0x0000000024722800 Implicit null exception at 0x00000000050f2dfe to 0x00000000050f5521
Event: 513.042 Thread 0x0000000024722800 Implicit null exception at 0x0000000005290d22 to 0x0000000005290f0e
Event: 516.072 Thread 0x0000000024721800 Implicit null exception at 0x0000000004d56aa5 to 0x0000000004d56fe5
Event: 517.522 Thread 0x0000000024721000 Implicit null exception at 0x0000000005450cdc to 0x0000000005451a21
Event: 523.532 Thread 0x0000000024720000 Implicit null exception at 0x000000000545e43c to 0x000000000545f511

Events (10 events):
Event: 542.390 Thread 0x000000002471e000 Uncommon trap: trap_request=0xffffffd6 fr.pc=0x0000000004c7d9d8
Event: 542.390 Thread 0x000000002471e000 DEOPT PACKING pc=0x0000000004c7d9d8 sp=0x0000000027a9ed90
Event: 542.390 Thread 0x000000002471e000 DEOPT UNPACKING pc=0x000000000305556a sp=0x0000000027a9ed58 mode 2
Event: 542.392 Thread 0x000000002471e000 DEOPT PACKING pc=0x0000000004e5b7ae sp=0x0000000027a9ee80
Event: 542.392 Thread 0x000000002471e000 DEOPT UNPACKING pc=0x00000000030571bf sp=0x0000000027a9ebd8 mode 0
Event: 542.397 Thread 0x000000002471e000 DEOPT PACKING pc=0x0000000004e5b7ae sp=0x0000000027a9ed00
Event: 542.397 Thread 0x000000002471e000 DEOPT UNPACKING pc=0x00000000030571bf sp=0x0000000027a9ea58 mode 0
Event: 542.397 Thread 0x000000002471e000 DEOPT PACKING pc=0x0000000004c713eb sp=0x0000000027a9edc0
Event: 542.397 Thread 0x000000002471e000 DEOPT UNPACKING pc=0x00000000030571bf sp=0x0000000027a9eb10 mode 0
Event: 542.401 Executing VM operation: ParallelGCFailedAllocation


Dynamic libraries:
0x00007ff69e4d0000 - 0x00007ff69e501000 	C:\Program Files\Android\Android Studio\jre\bin\java.exe
0x00007ffd3c8e0000 - 0x00007ffd3cab1000 	C:\Windows\SYSTEM32\ntdll.dll
0x00007ffd39e70000 - 0x00007ffd39f1b000 	C:\Windows\System32\KERNEL32.DLL
0x00007ffd39260000 - 0x00007ffd3947d000 	C:\Windows\System32\KERNELBASE.dll
0x00007ffd3c830000 - 0x00007ffd3c8d2000 	C:\Windows\System32\ADVAPI32.dll
0x00007ffd3c320000 - 0x00007ffd3c3be000 	C:\Windows\System32\msvcrt.dll
0x00007ffd39f20000 - 0x00007ffd39f79000 	C:\Windows\System32\sechost.dll
0x00007ffd3c1f0000 - 0x00007ffd3c311000 	C:\Windows\System32\RPCRT4.dll
0x00007ffd3bf90000 - 0x00007ffd3c0f5000 	C:\Windows\System32\USER32.dll
0x00007ffd39000000 - 0x00007ffd3901e000 	C:\Windows\System32\win32u.dll
0x00007ffd3c730000 - 0x00007ffd3c764000 	C:\Windows\System32\GDI32.dll
0x00007ffd390d0000 - 0x00007ffd39252000 	C:\Windows\System32\gdi32full.dll
0x00007ffd2f0b0000 - 0x00007ffd2f329000 	C:\Windows\WinSxS\amd64_microsoft.windows.common-controls_6595b64144ccf1df_6.0.14393.447_none_42191651c6827bb3\COMCTL32.dll
0x00007ffd3bcc0000 - 0x00007ffd3bf87000 	C:\Windows\System32\combase.dll
0x00007ffd39d20000 - 0x00007ffd39e15000 	C:\Windows\System32\ucrtbase.dll
0x00007ffd39cb0000 - 0x00007ffd39d1a000 	C:\Windows\System32\bcryptPrimitives.dll
0x00007ffd3c580000 - 0x00007ffd3c5ae000 	C:\Windows\System32\IMM32.DLL
0x0000000057460000 - 0x0000000057532000 	C:\Program Files\Android\Android Studio\jre\jre\bin\msvcr100.dll
0x0000000057540000 - 0x0000000057d7c000 	C:\Program Files\Android\Android Studio\jre\jre\bin\server\jvm.dll
0x00007ffd3c560000 - 0x00007ffd3c568000 	C:\Windows\System32\PSAPI.DLL
0x00007ffd2d020000 - 0x00007ffd2d029000 	C:\Windows\SYSTEM32\WSOCK32.dll
0x00007ffd37140000 - 0x00007ffd37163000 	C:\Windows\SYSTEM32\WINMM.dll
0x00007ffd341c0000 - 0x00007ffd341ca000 	C:\Windows\SYSTEM32\VERSION.dll
0x00007ffd3c100000 - 0x00007ffd3c16a000 	C:\Windows\System32\WS2_32.dll
0x00007ffd36fa0000 - 0x00007ffd36fcb000 	C:\Windows\SYSTEM32\WINMMBASE.dll
0x00007ffd39e20000 - 0x00007ffd39e62000 	C:\Windows\System32\cfgmgr32.dll
0x00007ffd37350000 - 0x00007ffd3735f000 	C:\Program Files\Android\Android Studio\jre\jre\bin\verify.dll
0x00007ffd339f0000 - 0x00007ffd33a19000 	C:\Program Files\Android\Android Studio\jre\jre\bin\java.dll
0x00007ffd31bb0000 - 0x00007ffd31bc6000 	C:\Program Files\Android\Android Studio\jre\jre\bin\zip.dll
0x00007ffd3a280000 - 0x00007ffd3b789000 	C:\Windows\System32\SHELL32.dll
0x00007ffd395d0000 - 0x00007ffd39caa000 	C:\Windows\System32\windows.storage.dll
0x00007ffd38d80000 - 0x00007ffd38dcc000 	C:\Windows\System32\powrprof.dll
0x00007ffd3bc60000 - 0x00007ffd3bcb2000 	C:\Windows\System32\shlwapi.dll
0x00007ffd38d40000 - 0x00007ffd38d4f000 	C:\Windows\System32\kernel.appcore.dll
0x00007ffd39480000 - 0x00007ffd39529000 	C:\Windows\System32\shcore.dll
0x00007ffd38d60000 - 0x00007ffd38d74000 	C:\Windows\System32\profapi.dll
0x00007ffd318a0000 - 0x00007ffd318ba000 	C:\Program Files\Android\Android Studio\jre\jre\bin\net.dll
0x00007ffd385a0000 - 0x00007ffd385fc000 	C:\Windows\system32\mswsock.dll
0x00007ffd30e90000 - 0x00007ffd30ea1000 	C:\Program Files\Android\Android Studio\jre\jre\bin\nio.dll
0x00007ffd0eb50000 - 0x00007ffd0eb6e000 	C:\Users\AezA\.gradle\native\23\windows-amd64\native-platform.dll
0x00007ffd38810000 - 0x00007ffd38827000 	C:\Windows\SYSTEM32\CRYPTSP.dll
0x00007ffd38720000 - 0x00007ffd38753000 	C:\Windows\system32\rsaenh.dll
0x00007ffd38920000 - 0x00007ffd3894b000 	C:\Windows\SYSTEM32\bcrypt.dll
0x00007ffd38420000 - 0x00007ffd3843f000 	C:\Windows\SYSTEM32\USERENV.dll
0x00007ffd38830000 - 0x00007ffd3883b000 	C:\Windows\SYSTEM32\CRYPTBASE.dll
0x00007ffd38330000 - 0x00007ffd38368000 	C:\Windows\SYSTEM32\IPHLPAPI.DLL
0x00007ffd3c720000 - 0x00007ffd3c728000 	C:\Windows\System32\NSI.dll
0x00007ffd348f0000 - 0x00007ffd34906000 	C:\Windows\SYSTEM32\dhcpcsvc6.DLL
0x00007ffd348d0000 - 0x00007ffd348ea000 	C:\Windows\SYSTEM32\dhcpcsvc.DLL
0x00007ffd34190000 - 0x00007ffd3419d000 	C:\Program Files\Android\Android Studio\jre\jre\bin\management.dll
0x00007ffd29e00000 - 0x00007ffd29f92000 	C:\Windows\SYSTEM32\dbghelp.dll

VM Arguments:
jvm_args: -Xmx1536m -Dfile.encoding=windows-1252 -Duser.country=US -Duser.language=en -Duser.variant 
java_command: org.gradle.launcher.daemon.bootstrap.GradleDaemon 3.3
java_class_path (initial): C:\Users\AezA\.gradle\wrapper\dists\gradle-3.3-all\55gk2rcmfc6p2dg9u9ohc3hw9\gradle-3.3\lib\gradle-launcher-3.3.jar
Launcher Type: SUN_STANDARD

Environment Variables:
JAVA_HOME=C:\Java\jdk1.7.0_51
PATH=C:\Windows\system32;C:\Windows;C:\Windows\System32\Wbem;C:\Windows\System32\WindowsPowerShell\v1.0\;C:\Program Files (x86)\NVIDIA Corporation\PhysX\Common;C:\Java\jdk1.7.0_51\bin;C:\Program Files\Microsoft SQL Server\120\DTS\Binn\;C:\Program Files\Microsoft SQL Server\Client SDK\ODBC\110\Tools\Binn\;C:\Program Files (x86)\Microsoft SQL Server\120\Tools\Binn\;C:\Program Files\Microsoft SQL Server\120\Tools\Binn\;C:\Program Files (x86)\Microsoft SQL Server\120\Tools\Binn\ManagementStudio\;C:\Program Files (x86)\Microsoft SQL Server\120\DTS\Binn\;C:\git\mergetools\meld;C:\apache-maven-3.5.0\bin;C:\Users\AezA\AppData\Local\Microsoft\WindowsApps;
USERNAME=AezA
OS=Windows_NT
PROCESSOR_IDENTIFIER=Intel64 Family 6 Model 44 Stepping 2, GenuineIntel



---------------  S Y S T E M  ---------------

OS: Windows 10.0 , 64 bit Build 14393 (10.0.14393.0)

CPU:total 12 (6 cores per cpu, 2 threads per core) family 6 model 44 stepping 2, cmov, cx8, fxsr, mmx, sse, sse2, sse3, ssse3, sse4.1, sse4.2, popcnt, aes, clmul, ht, tsc, tscinvbit, tscinv

Memory: 4k page, physical 16775604k(8960608k free), swap 19265972k(9190776k free)

vm_info: OpenJDK 64-Bit Server VM (25.112-b06) for windows-amd64 JRE (1.8.0_112-release-b06), built on Dec  8 2016 00:54:26 by "builder" with MS VC++ 10.0 (VS2010)

time: Wed Jun 14 16:17:56 2017
elapsed time: 542 seconds (0d 0h 9m 2s)

